#
# There is insufficient memory for the Java Runtime Environment to continue.
# Native memory allocation (malloc) failed to allocate 1048576 bytes for AllocateHeap
# Possible reasons:
#   The system is out of physical RAM or swap space
#   In 32 bit mode, the process size limit was hit
# Possible solutions:
#   Reduce memory load on the system
#   Increase physical memory or swap space
#   Check if swap backing store is full
#   Use 64 bit Java on a 64 bit OS
#   Decrease Java heap size (-Xmx/-Xms)
#   Decrease number of Java threads
#   Decrease Java thread stack sizes (-Xss)
#   Set larger code cache with -XX:ReservedCodeCacheSize=
# This output file may be truncated or incomplete.
#
#  Out of Memory Error (memory/allocation.inline.hpp:61), pid=11888, tid=0x00000000000011f8
#
# JRE version:  (8.0_191-b12) (build )
# Java VM: Java HotSpot(TM) 64-Bit Server VM (25.191-b12 mixed mode windows-amd64 compressed oops)
# Failed to write core dump. Minidumps are not enabled by default on client versions of Windows
#

---------------  T H R E A D  ---------------

Current thread (0x0000000002b43800):  JavaThread "Unknown thread" [_thread_in_vm, id=4600, stack(0x00000000029d0000,0x0000000002ad0000)]

Stack: [0x00000000029d0000,0x0000000002ad0000]
[error occurred during error reporting (printing stack bounds), id 0xc0000005]

Native frames: (J=compiled Java code, j=interpreted, Vv=VM code, C=native code)


---------------  P R O C E S S  ---------------

Java Threads: ( => current thread )

Other Threads:

=>0x0000000002b43800 (exited) JavaThread "Unknown thread" [_thread_in_vm, id=4600, stack(0x00000000029d0000,0x0000000002ad0000)]

VM state:not at safepoint (normal execution)

VM Mutex/Monitor currently owned by a thread: None

Heap:
 PSYoungGen      total 18944K, used 327K [0x00000000feb00000, 0x0000000100000000, 0x0000000100000000)
  eden space 16384K, 2% used [0x00000000feb00000,0x00000000feb51ec8,0x00000000ffb00000)
  from space 2560K, 0% used [0x00000000ffd80000,0x00000000ffd80000,0x0000000100000000)
  to   space 2560K, 0% used [0x00000000ffb00000,0x00000000ffb00000,0x00000000ffd80000)
 ParOldGen       total 44032K, used 0K [0x00000000fc000000, 0x00000000feb00000, 0x00000000feb00000)
  object space 44032K, 0% used [0x00000000fc000000,0x00000000fc000000,0x00000000feb00000)
 Metaspace       used 775K, capacity 4480K, committed 4480K, reserved 1056768K
  class space    used 76K, capacity 384K, committed 384K, reserved 1048576K

Card table byte_map: [0x0000000002570000,0x00000000025a0000] byte_map_base: 0x0000000001d90000

Marking Bits: (ParMarkBitMap*) 0x000000006ac63e30
 Begin Bits: [0x0000000012800000, 0x0000000012900000)
 End Bits:   [0x0000000012900000, 0x0000000012a00000)

Polling page: 0x0000000002540000

CodeCache: size=245760Kb used=328Kb max_used=328Kb free=245431Kb
 bounds [0x0000000002c40000, 0x0000000002eb0000, 0x0000000011c40000]
 total_blobs=58 nmethods=0 adapters=38
 compilation: enabled

Compilation events (0 events):
No events

GC Heap History (0 events):
No events

Deoptimization events (0 events):
No events

Classes redefined (0 events):
No events

Internal exceptions (0 events):
No events

Events (10 events):
Event: 0.034 loading class java/lang/Short
Event: 0.034 loading class java/lang/Short done
Event: 0.034 loading class java/lang/Integer
Event: 0.034 loading class java/lang/Integer done
Event: 0.034 loading class java/lang/Long
Event: 0.034 loading class java/lang/Long done
Event: 0.035 loading class java/lang/NullPointerException
Event: 0.035 loading class java/lang/NullPointerException done
Event: 0.035 loading class java/lang/ArithmeticException
Event: 0.035 loading class java/lang/ArithmeticException done


Dynamic libraries:
0x00007ff6f3960000 - 0x00007ff6f3997000 	C:\Program Files\Java\jdk1.8.0_191\bin\java.exe
0x00007ffeec9d0000 - 0x00007ffeecbb1000 	C:\WINDOWS\SYSTEM32\ntdll.dll
0x00007ffeeaba0000 - 0x00007ffeeac51000 	C:\WINDOWS\System32\KERNEL32.DLL
0x00007ffee8ea0000 - 0x00007ffee9113000 	C:\WINDOWS\System32\KERNELBASE.dll
0x00007ffee5980000 - 0x00007ffee5a0b000 	C:\WINDOWS\SYSTEM32\apphelp.dll
0x00007ffeea380000 - 0x00007ffeea421000 	C:\WINDOWS\System32\ADVAPI32.dll
0x00007ffeec670000 - 0x00007ffeec70e000 	C:\WINDOWS\System32\msvcrt.dll
0x00007ffeea490000 - 0x00007ffeea4eb000 	C:\WINDOWS\System32\sechost.dll
0x00007ffeec840000 - 0x00007ffeec964000 	C:\WINDOWS\System32\RPCRT4.dll
0x00007ffeeb0a0000 - 0x00007ffeeb230000 	C:\WINDOWS\System32\USER32.dll
0x00007ffee9b20000 - 0x00007ffee9b40000 	C:\WINDOWS\System32\win32u.dll
0x00007ffeeae60000 - 0x00007ffeeae88000 	C:\WINDOWS\System32\GDI32.dll
0x00007ffee9980000 - 0x00007ffee9b12000 	C:\WINDOWS\System32\gdi32full.dll
0x00007ffee8e00000 - 0x00007ffee8e9f000 	C:\WINDOWS\System32\msvcp_win.dll
0x00007ffee9880000 - 0x00007ffee9978000 	C:\WINDOWS\System32\ucrtbase.dll
0x00007ffed02e0000 - 0x00007ffed0549000 	C:\WINDOWS\WinSxS\amd64_microsoft.windows.common-controls_6595b64144ccf1df_6.0.17134.706_none_fb43a2cb30647007\COMCTL32.dll
0x00007ffee9f50000 - 0x00007ffeea272000 	C:\WINDOWS\System32\combase.dll
0x00007ffee9b40000 - 0x00007ffee9bba000 	C:\WINDOWS\System32\bcryptPrimitives.dll
0x00007ffeec970000 - 0x00007ffeec99d000 	C:\WINDOWS\System32\IMM32.DLL
0x00007ffee7a10000 - 0x00007ffee7a4c000 	C:\WINDOWS\system32\SophosAV\SOPHOS~1.DLL
0x00007ffeea950000 - 0x00007ffeea958000 	C:\WINDOWS\System32\PSAPI.DLL
0x00007e1100000000 - 0x00007e110006e000 	C:\Users\ddrocha\Downloads\cmder\vendor\conemu-maximus5\ConEmu\ConEmuHk64.dll
0x000000006ca90000 - 0x000000006cb62000 	C:\Program Files\Java\jdk1.8.0_191\jre\bin\msvcr100.dll
0x000000006a440000 - 0x000000006ace4000 	C:\Program Files\Java\jdk1.8.0_191\jre\bin\server\jvm.dll
0x00007ffee4220000 - 0x00007ffee4243000 	C:\WINDOWS\SYSTEM32\WINMM.dll
0x00007ffed9850000 - 0x00007ffed9859000 	C:\WINDOWS\SYSTEM32\WSOCK32.dll
0x00007ffee68f0000 - 0x00007ffee68fa000 	C:\WINDOWS\SYSTEM32\VERSION.dll
0x00007ffeeae90000 - 0x00007ffeeaefc000 	C:\WINDOWS\System32\WS2_32.dll
0x00007ffee41f0000 - 0x00007ffee421a000 	C:\WINDOWS\SYSTEM32\winmmbase.dll
0x00007ffee9830000 - 0x00007ffee9879000 	C:\WINDOWS\System32\cfgmgr32.dll
0x000000006c920000 - 0x000000006c92f000 	C:\Program Files\Java\jdk1.8.0_191\jre\bin\verify.dll
0x000000006c8f0000 - 0x000000006c919000 	C:\Program Files\Java\jdk1.8.0_191\jre\bin\java.dll
0x000000006c8d0000 - 0x000000006c8e6000 	C:\Program Files\Java\jdk1.8.0_191\jre\bin\zip.dll

VM Arguments:
jvm_args: -Xmx64m -Xms64m -Dorg.gradle.appname=gradlew 
java_command: org.gradle.wrapper.GradleWrapperMain app:installDebug -PreactNativeDevServerPort=8081
java_class_path (initial): C:\RocketSeat\backend-tdd\mobile\android\\gradle\wrapper\gradle-wrapper.jar
Launcher Type: SUN_STANDARD

Environment Variables:
JAVA_HOME=C:\Program Files\Java\jdk1.8.0_191
CLASSPATH=C:\RocketSeat\backend-tdd\mobile\android\\gradle\wrapper\gradle-wrapper.jar
PATH=C:\Users\ddrocha\Downloads\cmder\bin;C:\Users\ddrocha\Downloads\cmder\vendor\bin;C:\Users\ddrocha\Downloads\cmder\vendor\conemu-maximus5\ConEmu\Scripts;C:\Users\ddrocha\Downloads\cmder\vendor\conemu-maximus5;C:\Users\ddrocha\Downloads\cmder\vendor\conemu-maximus5\ConEmu;C:\Python27\;C:\Python27\Scripts;C:\Program Files (x86)\Common Files\Oracle\Java\javapath;C:\WINDOWS\system32;C:\WINDOWS;C:\WINDOWS\System32\Wbem;C:\WINDOWS\System32\WindowsPowerShell\v1.0\;C:\Program Files\TortoiseSVN\bin;C:\Program Files (x86)\Borland\StarTeam SDK 13.0\Lib;C:\Program Files (x86)\Borland\StarTeam SDK 13.0\Bin;C:\Program Files\Micro Focus\StarTeam Cross-Platform Client 16;C:\Program Files\dotnet\;C:\Program Files\Microsoft SQL Server\130\Tools\Binn\;C:\ProgramData\chocolatey\bin;C:\Program Files\Java\jdk1.8.0_191\bin;C:\Program Files\Git\cmd;C:\Program Files\PuTTY\;C:\WINDOWS\System32\OpenSSH\;C:\Android\Sdk\platform-tools;C:\Android\Sdk\tools;C:\Android\Sdk\tools;C:\Android\Sdk\platform-tools;C:\Program Files\nodejs\;C:\Users\ddrocha\AppData\Local\Microsoft\WindowsApps;C:\Users\ddrocha\AppData\Local\Programs\Microsoft VS Code\bin;c:\Users\YOUR_USERNAME\AppData\Local\Android\Sdk\platform-tools;C:\Users\ddrocha\AppData\Roaming\npm;C:\Program Files\Docker Toolbox;C:\Program Files\Git\cmd;C:\Program Files\Git\mingw64\bin;C:\Program Files\Git\usr\bin;C:\Users\ddrocha\Downloads\cmder
USERNAME=ddrocha
OS=Windows_NT
PROCESSOR_IDENTIFIER=Intel64 Family 6 Model 142 Stepping 10, GenuineIntel



---------------  S Y S T E M  ---------------

OS: Windows 10.0 , 64 bit Build 17134 (10.0.17134.706)

CPU:total 8 (initial active 8) (4 cores per cpu, 2 threads per core) family 6 model 142 stepping 10, cmov, cx8, fxsr, mmx, sse, sse2, sse3, ssse3, sse4.1, sse4.2, popcnt, avx, avx2, aes, clmul, erms, 3dnowpref, lzcnt, ht, tsc, tscinvbit, bmi1, bmi2, adx

Memory: 4k page, physical 12489956k(1229188k free), swap 12489956k(5484k free)

vm_info: Java HotSpot(TM) 64-Bit Server VM (25.191-b12) for windows-amd64 JRE (1.8.0_191-b12), built on Oct  6 2018 09:29:03 by "java_re" with MS VC++ 10.0 (VS2010)

time: Fri Sep 20 18:44:01 2019
elapsed time: 0 seconds (0d 0h 0m 0s)

